GET /socket.io/?EIO=4&transport=polling&t=Oj8ekaa 404 84 - 12.732 ms
GET /api/story 200 196220 - 22.253 ms
GET /socket.io/?EIO=4&transport=polling&t=Oj8em2F 404 84 - 1.826 ms
GET /api/storye 404 50 - 2.194 ms
GET /socket.io/?EIO=4&transport=polling&t=Oj8enWk 404 84 - 6.285 ms
GET /socket.io/?EIO=4&transport=polling&t=Oj8eozl 404 84 - 2.710 ms
GET /socket.io/?EIO=4&transport=polling&t=Oj8eqRX 404 84 - 2.073 ms
GET /socket.io/?EIO=4&transport=polling&t=Oj8ervC 404 84 - 2.311 ms
GET /socket.io/?EIO=4&transport=polling&t=Oj8etM- 404 84 - 4.662 ms
GET /socket.io/?EIO=4&transport=polling&t=Oj8euql 404 84 - 2.770 ms
GET /socket.io/?EIO=4&transport=polling&t=Oj8ewIU 404 84 - 2.980 ms
GET /socket.io/?EIO=4&transport=polling&t=Oj8exmE 404 84 - 2.347 ms
GET /socket.io/?EIO=4&transport=polling&t=Oj8ezDz 404 84 - 3.158 ms
GET /socket.io/?EIO=4&transport=polling&t=Oj8e-hk 404 84 - 3.426 ms
GET /socket.io/?EIO=4&transport=polling&t=Oj8f0AA 404 84 - 10.793 ms
GET /socket.io/?EIO=4&transport=polling&t=Oj8f1dc 404 84 - 10.969 ms
GET /socket.io/?EIO=4&transport=polling&t=Oj8fOS6 404 84 - 10.299 ms
GET /socket.io/?EIO=4&transport=polling&t=Oj8fPvp 404 84 - 3.983 ms
GET /socket.io/?EIO=4&transport=polling&t=Oj8fRNX 404 84 - 2.444 ms
GET /socket.io/?EIO=4&transport=polling&t=Oj8fSrI 404 84 - 2.143 ms
GET /socket.io/?EIO=4&transport=polling&t=Oj8fUJ3 404 84 - 3.177 ms
GET /socket.io/?EIO=4&transport=polling&t=Oj8fVmv 404 84 - 0.971 ms
GET /socket.io/?EIO=4&transport=polling&t=Oj8fXEY 404 84 - 2.411 ms
GET /socket.io/?EIO=4&transport=polling&t=Oj8fYiF 404 84 - 2.359 ms
GET /socket.io/?EIO=4&transport=polling&t=Oj8fa9- 404 84 - 4.566 ms
GET /socket.io/?EIO=4&transport=polling&t=Oj8fbdj 404 84 - 6.957 ms
GET /socket.io/?EIO=4&transport=polling&t=Oj8fd5W 404 84 - 2.146 ms
GET /socket.io/?EIO=4&transport=polling&t=Oj8feZM 404 84 - 4.096 ms
GET /socket.io/?EIO=4&transport=polling&t=Oj8fg0_ 404 84 - 1.835 ms
GET /socket.io/?EIO=4&transport=polling&t=Oj8fhUn 404 84 - 6.089 ms
GET /socket.io/?EIO=4&transport=polling&t=Oj8fiyY 404 84 - 1.477 ms
GET /socket.io/?EIO=4&transport=polling&t=Oj8fkQK 404 84 - 1.855 ms
GET /socket.io/?EIO=4&transport=polling&t=Oj8flu2 404 84 - 2.733 ms
GET /socket.io/?EIO=4&transport=polling&t=Oj8fnLp 404 84 - 4.023 ms
GET /socket.io/?EIO=4&transport=polling&t=Oj8fopa 404 84 - 1.943 ms
GET /socket.io/?EIO=4&transport=polling&t=Oj8fqHL 404 84 - 2.117 ms
GET /socket.io/?EIO=4&transport=polling&t=Oj8frl3 404 84 - 1.498 ms
GET /socket.io/?EIO=4&transport=polling&t=Oj8ftCo 404 84 - 1.875 ms
GET /socket.io/?EIO=4&transport=polling&t=Oj8fugY 404 84 - 2.151 ms
GET /socket.io/?EIO=4&transport=polling&t=Oj8fw8I 404 84 - 3.766 ms
GET /socket.io/?EIO=4&transport=polling&t=Oj8fxb- 404 84 - 0.859 ms
GET /socket.io/?EIO=4&transport=polling&t=Oj8fz3o 404 84 - 4.796 ms
GET /socket.io/?EIO=4&transport=polling&t=Oj8f-XW 404 84 - 1.353 ms
GET /socket.io/?EIO=4&transport=polling&t=Oj8f__K 404 84 - 2.403 ms
GET /socket.io/?EIO=4&transport=polling&t=Oj8g1Tu 404 84 - 1.674 ms
GET /socket.io/?EIO=4&transport=polling&t=Oj8g2wn 404 84 - 2.621 ms
GET /socket.io/?EIO=4&transport=polling&t=Oj8g4OX 404 84 - 2.089 ms
GET /socket.io/?EIO=4&transport=polling&t=Oj8g5sF 404 84 - 2.341 ms
GET /socket.io/?EIO=4&transport=polling&t=Oj8g7K1 404 84 - 2.142 ms
GET /socket.io/?EIO=4&transport=polling&t=Oj8g8nn 404 84 - 1.727 ms
GET /socket.io/?EIO=4&transport=polling&t=Oj8gAFY 404 84 - 2.188 ms
GET /socket.io/?EIO=4&transport=polling&t=Oj8gBjH 404 84 - 2.036 ms
GET /socket.io/?EIO=4&transport=polling&t=Oj8gDAz 404 84 - 1.478 ms
GET /socket.io/?EIO=4&transport=polling&t=Oj8gEet 404 84 - 4.486 ms
GET /socket.io/?EIO=4&transport=polling&t=Oj8k5K4 404 84 - 7.087 ms
GET /socket.io/?EIO=4&transport=polling&t=Oj8k6mT 404 84 - 3.851 ms
GET /socket.io/?EIO=4&transport=polling&t=Oj8k8EC 404 84 - 3.108 ms
GET /socket.io/?EIO=4&transport=polling&t=Oj8k9hu 404 84 - 2.995 ms
GET /socket.io/?EIO=4&transport=polling&t=Oj8kB9i 404 84 - 2.168 ms
GET /socket.io/?EIO=4&transport=polling&t=Oj8kCdP 404 84 - 1.407 ms
GET /socket.io/?EIO=4&transport=polling&t=Oj8kE5B 404 84 - 1.642 ms
GET /socket.io/?EIO=4&transport=polling&t=Oj8kFYv 404 84 - 1.666 ms
GET /socket.io/?EIO=4&transport=polling&t=Oj8kH0g 404 84 - 10.150 ms
GET /socket.io/?EIO=4&transport=polling&t=Oj8kIUR 404 84 - 2.921 ms
GET /socket.io/?EIO=4&transport=polling&t=Oj8kJ-G 404 84 - 16.409 ms
GET /socket.io/?EIO=4&transport=polling&t=Oj8kLQH 404 84 - 12.179 ms
GET /socket.io/?EIO=4&transport=polling&t=Oj8kMu4 404 84 - 37.873 ms
GET /socket.io/?EIO=4&transport=polling&t=Oj8kOLN 404 84 - 5.932 ms
GET /socket.io/?EIO=4&transport=polling&t=Oj8kPp9 404 84 - 4.109 ms
GET /socket.io/?EIO=4&transport=polling&t=Oj8kRGx 404 84 - 2.531 ms
GET /socket.io/?EIO=4&transport=polling&t=Oj8kSki 404 84 - 3.435 ms
GET /socket.io/?EIO=4&transport=polling&t=Oj8kUCZ 404 84 - 8.588 ms
GET /socket.io/?EIO=4&transport=polling&t=Oj8kVgF 404 84 - 9.510 ms
GET /socket.io/?EIO=4&transport=polling&t=Oj8kX7x 404 84 - 4.133 ms
GET /socket.io/?EIO=4&transport=polling&t=Oj8kYdY 404 84 - 18.370 ms
GET /socket.io/?EIO=4&transport=polling&t=Oj8ka3N 404 84 - 17.103 ms
GET /socket.io/?EIO=4&transport=polling&t=Oj8kbX8 404 84 - 1.725 ms
GET /socket.io/?EIO=4&transport=polling&t=Oj8kc-s 404 84 - 11.590 ms
GET /socket.io/?EIO=4&transport=polling&t=Oj8keSa 404 84 - 0.713 ms
GET /socket.io/?EIO=4&transport=polling&t=Oj8kfwP 404 84 - 1.660 ms
GET /socket.io/?EIO=4&transport=polling&t=Oj8khOA 404 84 - 10.331 ms
GET /socket.io/?EIO=4&transport=polling&t=Oj8kis7 404 84 - 9.634 ms
GET /socket.io/?EIO=4&transport=polling&t=Oj8kkJb 404 84 - 2.336 ms
GET /socket.io/?EIO=4&transport=polling&t=Oj8klnQ 404 84 - 7.412 ms
GET /socket.io/?EIO=4&transport=polling&t=Oj8knGg 404 84 - 62.942 ms
GET /socket.io/?EIO=4&transport=polling&t=Oj8koiz 404 84 - 3.040 ms
GET /socket.io/?EIO=4&transport=polling&t=Oj8kqAf 404 84 - 1.970 ms
