{"level":"error","message":"Not found - /socket.io/?EIO=4&transport=polling&t=Oj8ekaa","timestamp":"2023-10-19T15:51:58.007Z"}
{"level":"error","message":"Not found - /socket.io/?EIO=4&transport=polling&t=Oj8em2F","timestamp":"2023-10-19T15:52:03.989Z"}
{"level":"error","message":"Not found - /api/storye","timestamp":"2023-10-19T15:52:04.875Z"}
{"level":"error","message":"Not found - /socket.io/?EIO=4&transport=polling&t=Oj8enWk","timestamp":"2023-10-19T15:52:10.052Z"}
{"level":"error","message":"Not found - /socket.io/?EIO=4&transport=polling&t=Oj8eozl","timestamp":"2023-10-19T15:52:15.991Z"}
{"level":"error","message":"Not found - /socket.io/?EIO=4&transport=polling&t=Oj8eqRX","timestamp":"2023-10-19T15:52:21.994Z"}
{"level":"error","message":"Not found - /socket.io/?EIO=4&transport=polling&t=Oj8ervC","timestamp":"2023-10-19T15:52:27.985Z"}
{"level":"error","message":"Not found - /socket.io/?EIO=4&transport=polling&t=Oj8etM-","timestamp":"2023-10-19T15:52:33.993Z"}
{"level":"error","message":"Not found - /socket.io/?EIO=4&transport=polling&t=Oj8euql","timestamp":"2023-10-19T15:52:39.993Z"}
{"level":"error","message":"Not found - /socket.io/?EIO=4&transport=polling&t=Oj8ewIU","timestamp":"2023-10-19T15:52:45.989Z"}
{"level":"error","message":"Not found - /socket.io/?EIO=4&transport=polling&t=Oj8exmE","timestamp":"2023-10-19T15:52:51.989Z"}
{"level":"error","message":"Not found - /socket.io/?EIO=4&transport=polling&t=Oj8ezDz","timestamp":"2023-10-19T15:52:57.990Z"}
{"level":"error","message":"Not found - /socket.io/?EIO=4&transport=polling&t=Oj8e-hk","timestamp":"2023-10-19T15:53:03.990Z"}
{"level":"error","message":"Not found - /socket.io/?EIO=4&transport=polling&t=Oj8f0AA","timestamp":"2023-10-19T15:53:10.040Z"}
{"level":"error","message":"Not found - /socket.io/?EIO=4&transport=polling&t=Oj8f1dc","timestamp":"2023-10-19T15:53:16.047Z"}
{"level":"error","message":"Not found - /socket.io/?EIO=4&transport=polling&t=Oj8fOS6","timestamp":"2023-10-19T15:54:49.496Z"}
{"level":"error","message":"Not found - /socket.io/?EIO=4&transport=polling&t=Oj8fPvp","timestamp":"2023-10-19T15:54:55.488Z"}
{"level":"error","message":"Not found - /socket.io/?EIO=4&transport=polling&t=Oj8fRNX","timestamp":"2023-10-19T15:55:01.478Z"}
{"level":"error","message":"Not found - /socket.io/?EIO=4&transport=polling&t=Oj8fSrI","timestamp":"2023-10-19T15:55:07.480Z"}
{"level":"error","message":"Not found - /socket.io/?EIO=4&transport=polling&t=Oj8fUJ3","timestamp":"2023-10-19T15:55:13.484Z"}
{"level":"error","message":"Not found - /socket.io/?EIO=4&transport=polling&t=Oj8fVmv","timestamp":"2023-10-19T15:55:19.489Z"}
{"level":"error","message":"Not found - /socket.io/?EIO=4&transport=polling&t=Oj8fXEY","timestamp":"2023-10-19T15:55:25.481Z"}
{"level":"error","message":"Not found - /socket.io/?EIO=4&transport=polling&t=Oj8fYiF","timestamp":"2023-10-19T15:55:31.481Z"}
{"level":"error","message":"Not found - /socket.io/?EIO=4&transport=polling&t=Oj8fa9-","timestamp":"2023-10-19T15:55:37.478Z"}
{"level":"error","message":"Not found - /socket.io/?EIO=4&transport=polling&t=Oj8fbdj","timestamp":"2023-10-19T15:55:43.475Z"}
{"level":"error","message":"Not found - /socket.io/?EIO=4&transport=polling&t=Oj8fd5W","timestamp":"2023-10-19T15:55:49.476Z"}
{"level":"error","message":"Not found - /socket.io/?EIO=4&transport=polling&t=Oj8feZM","timestamp":"2023-10-19T15:55:55.497Z"}
{"level":"error","message":"Not found - /socket.io/?EIO=4&transport=polling&t=Oj8fg0_","timestamp":"2023-10-19T15:56:01.475Z"}
{"level":"error","message":"Not found - /socket.io/?EIO=4&transport=polling&t=Oj8fhUn","timestamp":"2023-10-19T15:56:07.483Z"}
{"level":"error","message":"Not found - /socket.io/?EIO=4&transport=polling&t=Oj8fiyY","timestamp":"2023-10-19T15:56:13.480Z"}
{"level":"error","message":"Not found - /socket.io/?EIO=4&transport=polling&t=Oj8fkQK","timestamp":"2023-10-19T15:56:19.481Z"}
{"level":"error","message":"Not found - /socket.io/?EIO=4&transport=polling&t=Oj8flu2","timestamp":"2023-10-19T15:56:25.478Z"}
{"level":"error","message":"Not found - /socket.io/?EIO=4&transport=polling&t=Oj8fnLp","timestamp":"2023-10-19T15:56:31.485Z"}
{"level":"error","message":"Not found - /socket.io/?EIO=4&transport=polling&t=Oj8fopa","timestamp":"2023-10-19T15:56:37.488Z"}
{"level":"error","message":"Not found - /socket.io/?EIO=4&transport=polling&t=Oj8fqHL","timestamp":"2023-10-19T15:56:43.483Z"}
{"level":"error","message":"Not found - /socket.io/?EIO=4&transport=polling&t=Oj8frl3","timestamp":"2023-10-19T15:56:49.478Z"}
{"level":"error","message":"Not found - /socket.io/?EIO=4&transport=polling&t=Oj8ftCo","timestamp":"2023-10-19T15:56:55.480Z"}
{"level":"error","message":"Not found - /socket.io/?EIO=4&transport=polling&t=Oj8fugY","timestamp":"2023-10-19T15:57:01.480Z"}
{"level":"error","message":"Not found - /socket.io/?EIO=4&transport=polling&t=Oj8fw8I","timestamp":"2023-10-19T15:57:07.482Z"}
{"level":"error","message":"Not found - /socket.io/?EIO=4&transport=polling&t=Oj8fxb-","timestamp":"2023-10-19T15:57:13.474Z"}
{"level":"error","message":"Not found - /socket.io/?EIO=4&transport=polling&t=Oj8fz3o","timestamp":"2023-10-19T15:57:19.482Z"}
{"level":"error","message":"Not found - /socket.io/?EIO=4&transport=polling&t=Oj8f-XW","timestamp":"2023-10-19T15:57:25.477Z"}
{"level":"error","message":"Not found - /socket.io/?EIO=4&transport=polling&t=Oj8f__K","timestamp":"2023-10-19T15:57:31.483Z"}
{"level":"error","message":"Not found - /socket.io/?EIO=4&transport=polling&t=Oj8g1Tu","timestamp":"2023-10-19T15:57:37.532Z"}
{"level":"error","message":"Not found - /socket.io/?EIO=4&transport=polling&t=Oj8g2wn","timestamp":"2023-10-19T15:57:43.480Z"}
{"level":"error","message":"Not found - /socket.io/?EIO=4&transport=polling&t=Oj8g4OX","timestamp":"2023-10-19T15:57:49.480Z"}
{"level":"error","message":"Not found - /socket.io/?EIO=4&transport=polling&t=Oj8g5sF","timestamp":"2023-10-19T15:57:55.491Z"}
{"level":"error","message":"Not found - /socket.io/?EIO=4&transport=polling&t=Oj8g7K1","timestamp":"2023-10-19T15:58:01.479Z"}
{"level":"error","message":"Not found - /socket.io/?EIO=4&transport=polling&t=Oj8g8nn","timestamp":"2023-10-19T15:58:07.476Z"}
{"level":"error","message":"Not found - /socket.io/?EIO=4&transport=polling&t=Oj8gAFY","timestamp":"2023-10-19T15:58:13.480Z"}
{"level":"error","message":"Not found - /socket.io/?EIO=4&transport=polling&t=Oj8gBjH","timestamp":"2023-10-19T15:58:19.480Z"}
{"level":"error","message":"Not found - /socket.io/?EIO=4&transport=polling&t=Oj8gDAz","timestamp":"2023-10-19T15:58:25.475Z"}
{"level":"error","message":"Not found - /socket.io/?EIO=4&transport=polling&t=Oj8gEet","timestamp":"2023-10-19T15:58:31.486Z"}
{"level":"error","message":"Not found - /socket.io/?EIO=4&transport=polling&t=Oj8k5K4","timestamp":"2023-10-19T16:15:22.042Z"}
{"level":"error","message":"Not found - /socket.io/?EIO=4&transport=polling&t=Oj8k6mT","timestamp":"2023-10-19T16:15:27.786Z"}
{"level":"error","message":"Not found - /socket.io/?EIO=4&transport=polling&t=Oj8k8EC","timestamp":"2023-10-19T16:15:33.780Z"}
{"level":"error","message":"Not found - /socket.io/?EIO=4&transport=polling&t=Oj8k9hu","timestamp":"2023-10-19T16:15:39.778Z"}
{"level":"error","message":"Not found - /socket.io/?EIO=4&transport=polling&t=Oj8kB9i","timestamp":"2023-10-19T16:15:45.777Z"}
{"level":"error","message":"Not found - /socket.io/?EIO=4&transport=polling&t=Oj8kCdP","timestamp":"2023-10-19T16:15:51.773Z"}
{"level":"error","message":"Not found - /socket.io/?EIO=4&transport=polling&t=Oj8kE5B","timestamp":"2023-10-19T16:15:57.782Z"}
{"level":"error","message":"Not found - /socket.io/?EIO=4&transport=polling&t=Oj8kFYv","timestamp":"2023-10-19T16:16:03.781Z"}
{"level":"error","message":"Not found - /socket.io/?EIO=4&transport=polling&t=Oj8kH0g","timestamp":"2023-10-19T16:16:09.803Z"}
{"level":"error","message":"Not found - /socket.io/?EIO=4&transport=polling&t=Oj8kIUR","timestamp":"2023-10-19T16:16:15.783Z"}
{"level":"error","message":"Not found - /socket.io/?EIO=4&transport=polling&t=Oj8kJ-G","timestamp":"2023-10-19T16:16:21.935Z"}
{"level":"error","message":"Not found - /socket.io/?EIO=4&transport=polling&t=Oj8kLQH","timestamp":"2023-10-19T16:16:27.839Z"}
{"level":"error","message":"Not found - /socket.io/?EIO=4&transport=polling&t=Oj8kMu4","timestamp":"2023-10-19T16:16:33.866Z"}
{"level":"error","message":"Not found - /socket.io/?EIO=4&transport=polling&t=Oj8kOLN","timestamp":"2023-10-19T16:16:39.781Z"}
{"level":"error","message":"Not found - /socket.io/?EIO=4&transport=polling&t=Oj8kPp9","timestamp":"2023-10-19T16:16:45.777Z"}
{"level":"error","message":"Not found - /socket.io/?EIO=4&transport=polling&t=Oj8kRGx","timestamp":"2023-10-19T16:16:51.781Z"}
{"level":"error","message":"Not found - /socket.io/?EIO=4&transport=polling&t=Oj8kSki","timestamp":"2023-10-19T16:16:57.780Z"}
{"level":"error","message":"Not found - /socket.io/?EIO=4&transport=polling&t=Oj8kUCZ","timestamp":"2023-10-19T16:17:03.799Z"}
{"level":"error","message":"Not found - /socket.io/?EIO=4&transport=polling&t=Oj8kVgF","timestamp":"2023-10-19T16:17:09.799Z"}
{"level":"error","message":"Not found - /socket.io/?EIO=4&transport=polling&t=Oj8kX7x","timestamp":"2023-10-19T16:17:15.798Z"}
{"level":"error","message":"Not found - /socket.io/?EIO=4&transport=polling&t=Oj8kYdY","timestamp":"2023-10-19T16:17:21.922Z"}
{"level":"error","message":"Not found - /socket.io/?EIO=4&transport=polling&t=Oj8ka3N","timestamp":"2023-10-19T16:17:27.774Z"}
{"level":"error","message":"Not found - /socket.io/?EIO=4&transport=polling&t=Oj8kbX8","timestamp":"2023-10-19T16:17:33.778Z"}
{"level":"error","message":"Not found - /socket.io/?EIO=4&transport=polling&t=Oj8kc-s","timestamp":"2023-10-19T16:17:39.776Z"}
{"level":"error","message":"Not found - /socket.io/?EIO=4&transport=polling&t=Oj8keSa","timestamp":"2023-10-19T16:17:45.768Z"}
{"level":"error","message":"Not found - /socket.io/?EIO=4&transport=polling&t=Oj8kfwP","timestamp":"2023-10-19T16:17:51.774Z"}
{"level":"error","message":"Not found - /socket.io/?EIO=4&transport=polling&t=Oj8khOA","timestamp":"2023-10-19T16:17:57.789Z"}
{"level":"error","message":"Not found - /socket.io/?EIO=4&transport=polling&t=Oj8kis7","timestamp":"2023-10-19T16:18:03.816Z"}
{"level":"error","message":"Not found - /socket.io/?EIO=4&transport=polling&t=Oj8kkJb","timestamp":"2023-10-19T16:18:09.773Z"}
{"level":"error","message":"Not found - /socket.io/?EIO=4&transport=polling&t=Oj8klnQ","timestamp":"2023-10-19T16:18:15.781Z"}
{"level":"error","message":"Not found - /socket.io/?EIO=4&transport=polling&t=Oj8knGg","timestamp":"2023-10-19T16:18:22.008Z"}
{"level":"error","message":"Not found - /socket.io/?EIO=4&transport=polling&t=Oj8koiz","timestamp":"2023-10-19T16:18:27.780Z"}
{"level":"error","message":"Not found - /socket.io/?EIO=4&transport=polling&t=Oj8kqAf","timestamp":"2023-10-19T16:18:33.773Z"}
